<?xml version="1.0" encoding="UTF-8"?>
<!-- Generated by org.testng.reporters.JUnitXMLReporter -->
<testsuite hostname="Dell-2014NOV" ignored="0" name="Default test" tests="5" failures="0" timestamp="01 Sep 2018 12:19:12 GMT" time="6.048" errors="0">
  <testcase name="testEqualToMethod" time="4.961" classname="HelloMaven.Test1_RestApiBasicForJson"/>
  <testcase name="testHasItemsMethod" time="0.305" classname="HelloMaven.Test1_RestApiBasicForJson"/>
  <testcase name="testLogging" time="0.281" classname="HelloMaven.Test1_RestApiBasicForJson"/>
  <testcase name="testParameters" time="0.235" classname="HelloMaven.Test1_RestApiBasicForJson"/>
  <testcase name="testStatusCode" time="0.187" classname="HelloMaven.Test1_RestApiBasicForJson"/>
</testsuite> <!-- Default test -->
