<?xml version="1.0" encoding="UTF-8"?>
<!-- Generated by org.testng.reporters.JUnitXMLReporter -->
<testsuite hostname="Dell-2014NOV" ignored="0" name="Default test" tests="3" failures="0" timestamp="15 Aug 2018 04:22:47 GMT" time="66.657" errors="0">
  <testcase name="testHello" time="0.0" classname="HelloMaven.MavenDemo1"/>
  <testcase name="test_userLogin" time="10.049" classname="HelloMaven.UploadProfilePhoto"/>
  <testcase name="test_uploadProfilePhoto" time="41.647" classname="HelloMaven.UploadProfilePhoto"/>
</testsuite> <!-- Default test -->
