<?xml version="1.0" encoding="UTF-8"?>
<!-- Generated by org.testng.reporters.JUnitXMLReporter -->
<testsuite hostname="Dell-2014NOV" ignored="0" name="Testng_UploadProfilePhoto" tests="2" failures="0" timestamp="15 Aug 2018 04:09:22 GMT" time="53.959" errors="0">
  <testcase name="test_userLogin" time="9.946" classname="HelloMaven.UploadProfilePhoto"/>
  <testcase name="test_uploadProfilePhoto" time="31.134" classname="HelloMaven.UploadProfilePhoto"/>
</testsuite> <!-- Testng_UploadProfilePhoto -->
