<?xml version="1.0" encoding="UTF-8" ?>
<testsuite tests="5" failures="0" name="HelloMaven.Test1_RestApiBasicForJson" time="6.053" errors="0" skipped="0">
  <properties>
[...]
</properties>
  <testcase classname="HelloMaven.Test1_RestApiBasicForJson" name="testEqualToMethod" time="4.803"/>
  <testcase classname="HelloMaven.Test1_RestApiBasicForJson" name="testHasItemsMethod" time="0.328"/>
  <testcase classname="HelloMaven.Test1_RestApiBasicForJson" name="testLogging" time="0.922"/>
  <testcase classname="HelloMaven.Test1_RestApiBasicForJson" name="testParameters" time="0"/>
  <testcase classname="HelloMaven.Test1_RestApiBasicForJson" name="testStatusCode" time="0"/>
</testsuite>